[debug] [2022-04-18T11:41:11.384Z] ----------------------------------------------------------------------
[debug] [2022-04-18T11:41:11.387Z] Command:       C:\Program Files\nodejs\node.exe C:\Users\Mathias\AppData\Roaming\npm\node_modules\firebase-tools\lib\bin\firebase.js serve --only hosting
[debug] [2022-04-18T11:41:11.388Z] CLI Version:   10.6.0
[debug] [2022-04-18T11:41:11.388Z] Platform:      win32
[debug] [2022-04-18T11:41:11.388Z] Node Version:  v16.14.2
[debug] [2022-04-18T11:41:11.390Z] Time:          Mon Apr 18 2022 13:41:11 GMT+0200 (Centraleuropæisk sommertid)
[debug] [2022-04-18T11:41:11.390Z] ----------------------------------------------------------------------
[debug] 
[debug] [2022-04-18T11:41:11.493Z] > command requires scopes: ["email","openid","https://www.googleapis.com/auth/cloudplatformprojects.readonly","https://www.googleapis.com/auth/firebase","https://www.googleapis.com/auth/cloud-platform"]
[debug] [2022-04-18T11:41:11.494Z] > authorizing via signed-in user (groffe33@gmail.com)
[debug] [2022-04-18T11:41:11.494Z] [iam] checking project cafeanalog-2e676 for permissions ["firebase.projects.get"]
[debug] [2022-04-18T11:41:11.496Z] > refreshing access token with scopes: []
[debug] [2022-04-18T11:41:11.496Z] >>> HTTP REQUEST POST https://www.googleapis.com/oauth2/v3/token  
 <request body omitted>
[debug] [2022-04-18T11:41:11.623Z] <<< HTTP RESPONSE 200 {"expires":"Mon, 01 Jan 1990 00:00:00 GMT","cache-control":"no-cache, no-store, max-age=0, must-revalidate","date":"Mon, 18 Apr 2022 11:41:04 GMT","pragma":"no-cache","content-type":"application/json; charset=utf-8","vary":"X-Origin, Referer, Origin,Accept-Encoding","server":"scaffolding on HTTPServer2","x-xss-protection":"0","x-frame-options":"SAMEORIGIN","x-content-type-options":"nosniff","alt-svc":"h3=\":443\"; ma=2592000,h3-29=\":443\"; ma=2592000,h3-Q050=\":443\"; ma=2592000,h3-Q046=\":443\"; ma=2592000,h3-Q043=\":443\"; ma=2592000,quic=\":443\"; ma=2592000; v=\"46,43\"","accept-ranges":"none","transfer-encoding":"chunked"}
[debug] [2022-04-18T11:41:11.648Z] >>> [apiv2][query] POST https://cloudresourcemanager.googleapis.com/v1/projects/cafeanalog-2e676:testIamPermissions [none]
[debug] [2022-04-18T11:41:11.649Z] >>> [apiv2][body] POST https://cloudresourcemanager.googleapis.com/v1/projects/cafeanalog-2e676:testIamPermissions {"permissions":["firebase.projects.get"]}
[debug] [2022-04-18T11:41:12.459Z] <<< [apiv2][status] POST https://cloudresourcemanager.googleapis.com/v1/projects/cafeanalog-2e676:testIamPermissions 200
[debug] [2022-04-18T11:41:12.459Z] <<< [apiv2][body] POST https://cloudresourcemanager.googleapis.com/v1/projects/cafeanalog-2e676:testIamPermissions {"permissions":["firebase.projects.get"]}
[debug] [2022-04-18T11:41:12.463Z] >>> [apiv2][query] GET https://firebase.googleapis.com/v1beta1/projects/cafeanalog-2e676 [none]
[debug] [2022-04-18T11:41:12.756Z] <<< [apiv2][status] GET https://firebase.googleapis.com/v1beta1/projects/cafeanalog-2e676 200
[debug] [2022-04-18T11:41:12.757Z] <<< [apiv2][body] GET https://firebase.googleapis.com/v1beta1/projects/cafeanalog-2e676 {"projectId":"cafeanalog-2e676","projectNumber":"1060151044036","displayName":"CafeAnalog","name":"projects/cafeanalog-2e676","resources":{"hostingSite":"cafeanalog-2e676","storageBucket":"cafeanalog-2e676.appspot.com","locationId":"europe-west"},"state":"ACTIVE"}
[debug] [2022-04-18T11:41:12.760Z] >>> [apiv2][query] GET https://firebasehosting.googleapis.com/v1beta1/projects/cafeanalog-2e676/sites 
[debug] [2022-04-18T11:41:13.914Z] <<< [apiv2][status] GET https://firebasehosting.googleapis.com/v1beta1/projects/cafeanalog-2e676/sites 200
[debug] [2022-04-18T11:41:13.914Z] <<< [apiv2][body] GET https://firebasehosting.googleapis.com/v1beta1/projects/cafeanalog-2e676/sites {"sites":[{"name":"projects/1060151044036/sites/cafeanalog-2e676","defaultUrl":"https://cafeanalog-2e676.web.app","appId":"1:1060151044036:web:b9a99e31b62dd5bd876691","type":"DEFAULT_SITE"}]}
[debug] [2022-04-18T11:41:13.915Z] >>> [apiv2][query] GET https://firebase.googleapis.com/v1beta1/projects/cafeanalog-2e676/webApps/1:1060151044036:web:b9a99e31b62dd5bd876691/config [none]
[debug] [2022-04-18T11:41:14.935Z] <<< [apiv2][status] GET https://firebase.googleapis.com/v1beta1/projects/cafeanalog-2e676/webApps/1:1060151044036:web:b9a99e31b62dd5bd876691/config 200
[debug] [2022-04-18T11:41:14.936Z] <<< [apiv2][body] GET https://firebase.googleapis.com/v1beta1/projects/cafeanalog-2e676/webApps/1:1060151044036:web:b9a99e31b62dd5bd876691/config {"projectId":"cafeanalog-2e676","appId":"1:1060151044036:web:b9a99e31b62dd5bd876691","storageBucket":"cafeanalog-2e676.appspot.com","locationId":"europe-west","apiKey":"AIzaSyAPXHIXq__9Fi_a4oFsCKdSKoQRD5j5FhE","authDomain":"cafeanalog-2e676.firebaseapp.com","messagingSenderId":"1060151044036","measurementId":"G-B4XBGEH2QL"}
[info] i  hosting: Serving hosting files from: ./public {"metadata":{"emulator":{"name":"hosting"},"message":"Serving hosting files from: \u001b[1m./public\u001b[22m"}}
[info] +  hosting: Local server: http://localhost:5000 {"metadata":{"emulator":{"name":"hosting"},"message":"Local server: \u001b[4m\u001b[1mhttp://localhost:5000\u001b[22m\u001b[24m"}}
[info] i  hosting: 127.0.0.1 - - [18/Apr/2022:11:41:24 +0000] "GET / HTTP/1.1" 200 6407 "-" "Mozilla/5.0 (iPad; CPU OS 13_3 like Mac OS X) AppleWebKit/605.1.15 (KHTML, like Gecko) CriOS/87.0.4280.77 Mobile/15E148 Safari/604.1" {"metadata":{"emulator":{"name":"hosting"},"message":"127.0.0.1 - - [18/Apr/2022:11:41:24 +0000] \"GET / HTTP/1.1\" 200 6407 \"-\" \"Mozilla/5.0 (iPad; CPU OS 13_3 like Mac OS X) AppleWebKit/605.1.15 (KHTML, like Gecko) CriOS/87.0.4280.77 Mobile/15E148 Safari/604.1\""}}
[info] i  hosting: 127.0.0.1 - - [18/Apr/2022:11:41:24 +0000] "GET /styles/main.css HTTP/1.1" 404 154 "http://localhost:5000/" "Mozilla/5.0 (iPad; CPU OS 13_3 like Mac OS X) AppleWebKit/605.1.15 (KHTML, like Gecko) CriOS/87.0.4280.77 Mobile/15E148 Safari/604.1" {"metadata":{"emulator":{"name":"hosting"},"message":"127.0.0.1 - - [18/Apr/2022:11:41:24 +0000] \"GET /styles/main.css HTTP/1.1\" 404 154 \"http://localhost:5000/\" \"Mozilla/5.0 (iPad; CPU OS 13_3 like Mac OS X) AppleWebKit/605.1.15 (KHTML, like Gecko) CriOS/87.0.4280.77 Mobile/15E148 Safari/604.1\""}}
[info] i  hosting: 127.0.0.1 - - [18/Apr/2022:11:41:24 +0000] "GET /scripts/main.js HTTP/1.1" 200 4254484 "http://localhost:5000/" "Mozilla/5.0 (iPad; CPU OS 13_3 like Mac OS X) AppleWebKit/605.1.15 (KHTML, like Gecko) CriOS/87.0.4280.77 Mobile/15E148 Safari/604.1" {"metadata":{"emulator":{"name":"hosting"},"message":"127.0.0.1 - - [18/Apr/2022:11:41:24 +0000] \"GET /scripts/main.js HTTP/1.1\" 200 4254484 \"http://localhost:5000/\" \"Mozilla/5.0 (iPad; CPU OS 13_3 like Mac OS X) AppleWebKit/605.1.15 (KHTML, like Gecko) CriOS/87.0.4280.77 Mobile/15E148 Safari/604.1\""}}
